<?xml version="1.0" encoding="UTF-8"?>
<!-- Generated by org.testng.reporters.JUnitReportReporter -->
<testsuite skipped="0" hostname="LAPTOP-V2REIEHL" name="com.KickOff.TestCases.EditAccountTest" tests="1" failures="0" timestamp="03 May 2021 09:58:32 GMT" time="3.358" errors="0">
  <testcase name="EditAccountTab" time="3.358" classname="com.KickOff.TestCases.EditAccountTest"/>
</testsuite> <!-- com.KickOff.TestCases.EditAccountTest -->
