<?xml version="1.0" encoding="UTF-8"?>
<!-- Generated by org.testng.reporters.JUnitReportReporter -->
<testsuite skipped="0" hostname="LAPTOP-V2REIEHL" name="com.KickOff.TestCases.WithDrawalTest" tests="1" failures="0" timestamp="03 May 2021 12:23:18 GMT" time="2.970" errors="0">
  <testcase name="WithDrawalDetails" time="2.970" classname="com.KickOff.TestCases.WithDrawalTest"/>
</testsuite> <!-- com.KickOff.TestCases.WithDrawalTest -->
