<?xml version="1.0" encoding="UTF-8"?>
<!-- Generated by org.testng.reporters.JUnitReportReporter -->
<testsuite skipped="0" hostname="LAPTOP-V2REIEHL" name="com.KickOff.TestCases.loginTest" tests="2" failures="0" timestamp="04 May 2021 11:02:29 GMT" time="11.784" errors="0">
  <testcase name="LoginDetails" time="11.657" classname="com.KickOff.TestCases.loginTest"/>
  <testcase name="getTitle" time="0.127" classname="com.KickOff.TestCases.loginTest"/>
</testsuite> <!-- com.KickOff.TestCases.loginTest -->
