<?xml version="1.0" encoding="UTF-8"?>
<!-- Generated by org.testng.reporters.JUnitReportReporter -->
<testsuite skipped="0" hostname="LAPTOP-V2REIEHL" name="com.KickOff.TestCases.NewAccountTest" tests="1" failures="0" timestamp="29 Apr 2021 10:29:12 GMT" time="7.010" errors="0">
  <testcase name="NewAccountDetails" time="7.010" classname="com.KickOff.TestCases.NewAccountTest"/>
</testsuite> <!-- com.KickOff.TestCases.NewAccountTest -->
