<?xml version="1.0" encoding="UTF-8"?>
<!-- Generated by org.testng.reporters.JUnitReportReporter -->
<testsuite skipped="0" hostname="LAPTOP-V2REIEHL" name="com.KickOff.TestCases.EditCustomertest" tests="1" failures="0" timestamp="29 Apr 2021 10:27:34 GMT" time="3.290" errors="0">
  <testcase name="EditCustomerPage" time="3.290" classname="com.KickOff.TestCases.EditCustomertest"/>
</testsuite> <!-- com.KickOff.TestCases.EditCustomertest -->
