<?xml version="1.0" encoding="UTF-8"?>
<!-- Generated by org.testng.reporters.JUnitReportReporter -->
<testsuite skipped="0" hostname="LAPTOP-V2REIEHL" name="com.KickOff.TestCases.DepositTest" tests="1" failures="0" timestamp="03 May 2021 10:37:45 GMT" time="2.847" errors="0">
  <testcase name="DepositPage" time="2.847" classname="com.KickOff.TestCases.DepositTest"/>
</testsuite> <!-- com.KickOff.TestCases.DepositTest -->
