<?xml version="1.0" encoding="UTF-8"?>
<!-- Generated by org.testng.reporters.JUnitReportReporter -->
<testsuite skipped="0" hostname="LAPTOP-V2REIEHL" name="com.KickOff.TestCases.BalanceEnquiryTest" tests="1" failures="0" timestamp="03 May 2021 12:52:17 GMT" time="2.820" errors="0">
  <testcase name="BalanceEnquiryDetailPage" time="2.820" classname="com.KickOff.TestCases.BalanceEnquiryTest"/>
</testsuite> <!-- com.KickOff.TestCases.BalanceEnquiryTest -->
