<?xml version="1.0" encoding="UTF-8"?>
<!-- Generated by org.testng.reporters.JUnitReportReporter -->
<testsuite skipped="0" hostname="LAPTOP-V2REIEHL" name="com.KickOff.TestCases.WithDrawalTest" tests="1" failures="0" timestamp="04 May 2021 11:12:53 GMT" time="3.280" errors="0">
  <testcase name="WithDrawalDetails" time="3.280" classname="com.KickOff.TestCases.WithDrawalTest"/>
</testsuite> <!-- com.KickOff.TestCases.WithDrawalTest -->
